\BOOKMARK [0][]{chapter*.1}{Contents}{}% 1
\BOOKMARK [0][]{chapter.1}{1 Preliminary group theory}{}% 2
\BOOKMARK [1][]{section.1.1}{1.1 Group Actions}{chapter.1}% 3
\BOOKMARK [1][]{section.1.2}{1.2 Isomorphism Theorems}{chapter.1}% 4
\BOOKMARK [1][]{section.1.3}{1.3 Jordan-Holder Theorem}{chapter.1}% 5
\BOOKMARK [1][]{section.1.4}{1.4 Free groups}{chapter.1}% 6
\BOOKMARK [0][]{chapter.2}{2 The special linear group SL2\(Z\)}{}% 7
\BOOKMARK [1][]{section.2.1}{2.1 Introduction}{chapter.2}% 8
\BOOKMARK [1][]{section.2.2}{2.2 M\366bius transformations}{chapter.2}% 9
\BOOKMARK [2][]{subsection.2.2.1}{2.2.1 Group action of SL2\(Z\) on the upper half plane}{section.2.2}% 10
\BOOKMARK [2][]{subsection.2.2.2}{2.2.2 Geometric proof that S,T generate SL2\(Z\)}{section.2.2}% 11
\BOOKMARK [1][]{section.2.3}{2.3 Algebraic approach to SL2\(Z\)}{chapter.2}% 12
\BOOKMARK [2][]{subsection.2.3.1}{2.3.1 Algebraic proof that S,T generate SL2\(Z\) }{section.2.3}% 13
\BOOKMARK [0][]{chapter.3}{3 Congruence subgroups of SL2\(Z\)}{}% 14
\BOOKMARK [1][]{section.3.1}{3.1 The principal congruence subgroup \(N\)}{chapter.3}% 15
\BOOKMARK [1][]{section.3.2}{3.2 General congruence subgroups}{chapter.3}% 16
\BOOKMARK [2][]{subsection.3.2.1}{3.2.1 The congruence subgroups 0\(N\) and 1\(N\)}{section.3.2}% 17
\BOOKMARK [1][]{section.3.3}{3.3 Fundamental domains for congruence subgroups}{chapter.3}% 18
\BOOKMARK [0][]{chapter.4}{4 Non-congruence subgroups of SL2\(Z\)}{}% 19
\BOOKMARK [1][]{subsection.4.0.1}{4.0.1 More examples of non congruence subgroups}{chapter.4}% 20
\BOOKMARK [2][]{subsection.4.0.2}{4.0.2 Local versus index - a criterion}{subsection.4.0.1}% 21
\BOOKMARK [1][]{section.4.1}{4.1 Conclusion}{chapter.4}% 22
\BOOKMARK [0][]{chapter*.9}{References}{}% 23
